Determining if the pthread_create exist failed with the following output:
Change Dir: /home/mega/Documents/AutoSysPE/pas/ros/catkin_ws/build/CMakeFiles/CMakeTmp

Run Build Command:"/usr/bin/make" "cmTC_4e051/fast"
/usr/bin/make -f CMakeFiles/cmTC_4e051.dir/build.make CMakeFiles/cmTC_4e051.dir/build
make[1]: Entering directory '/home/mega/Documents/AutoSysPE/pas/ros/catkin_ws/build/CMakeFiles/CMakeTmp'
Building C object CMakeFiles/cmTC_4e051.dir/CheckSymbolExists.c.o
/usr/bin/cc     -o CMakeFiles/cmTC_4e051.dir/CheckSymbolExists.c.o   -c /home/mega/Documents/AutoSysPE/pas/ros/catkin_ws/build/CMakeFiles/CMakeTmp/CheckSymbolExists.c
Linking C executable cmTC_4e051
/usr/bin/cmake -E cmake_link_script CMakeFiles/cmTC_4e051.dir/link.txt --verbose=1
/usr/bin/cc       CMakeFiles/cmTC_4e051.dir/CheckSymbolExists.c.o  -o cmTC_4e051 -rdynamic 
CMakeFiles/cmTC_4e051.dir/CheckSymbolExists.c.o: In function `main':
CheckSymbolExists.c:(.text+0x16): undefined reference to `pthread_create'
collect2: error: ld returned 1 exit status
CMakeFiles/cmTC_4e051.dir/build.make:97: recipe for target 'cmTC_4e051' failed
make[1]: *** [cmTC_4e051] Error 1
make[1]: Leaving directory '/home/mega/Documents/AutoSysPE/pas/ros/catkin_ws/build/CMakeFiles/CMakeTmp'
Makefile:126: recipe for target 'cmTC_4e051/fast' failed
make: *** [cmTC_4e051/fast] Error 2

File /home/mega/Documents/AutoSysPE/pas/ros/catkin_ws/build/CMakeFiles/CMakeTmp/CheckSymbolExists.c:
/* */
#include <pthread.h>

int main(int argc, char** argv)
{
  (void)argv;
#ifndef pthread_create
  return ((int*)(&pthread_create))[argc];
#else
  (void)argc;
  return 0;
#endif
}

Determining if the function pthread_create exists in the pthreads failed with the following output:
Change Dir: /home/mega/Documents/AutoSysPE/pas/ros/catkin_ws/build/CMakeFiles/CMakeTmp

Run Build Command:"/usr/bin/make" "cmTC_eefce/fast"
/usr/bin/make -f CMakeFiles/cmTC_eefce.dir/build.make CMakeFiles/cmTC_eefce.dir/build
make[1]: Entering directory '/home/mega/Documents/AutoSysPE/pas/ros/catkin_ws/build/CMakeFiles/CMakeTmp'
Building C object CMakeFiles/cmTC_eefce.dir/CheckFunctionExists.c.o
/usr/bin/cc    -DCHECK_FUNCTION_EXISTS=pthread_create   -o CMakeFiles/cmTC_eefce.dir/CheckFunctionExists.c.o   -c /usr/share/cmake-3.5/Modules/CheckFunctionExists.c
Linking C executable cmTC_eefce
/usr/bin/cmake -E cmake_link_script CMakeFiles/cmTC_eefce.dir/link.txt --verbose=1
/usr/bin/cc   -DCHECK_FUNCTION_EXISTS=pthread_create    CMakeFiles/cmTC_eefce.dir/CheckFunctionExists.c.o  -o cmTC_eefce -rdynamic -lpthreads 
/usr/bin/ld: cannot find -lpthreads
collect2: error: ld returned 1 exit status
CMakeFiles/cmTC_eefce.dir/build.make:97: recipe for target 'cmTC_eefce' failed
make[1]: *** [cmTC_eefce] Error 1
make[1]: Leaving directory '/home/mega/Documents/AutoSysPE/pas/ros/catkin_ws/build/CMakeFiles/CMakeTmp'
Makefile:126: recipe for target 'cmTC_eefce/fast' failed
make: *** [cmTC_eefce/fast] Error 2


